<?xml version="1.0" encoding="UTF-8"?>
<!-- Generated by org.testng.reporters.JUnitXMLReporter -->
<testsuite hostname="Ranjit" ignored="0" name="Default test" tests="4" failures="0" timestamp="10 Jun 2018 00:37:52 GMT" time="10.059" errors="0">
  <testcase name="getCurrentUrl" time="0.051" classname="com.testing.Regression.PageLaunch"/>
  <testcase name="getTheWindowHandles" time="0.009" classname="com.testing.Regression.PageLaunch"/>
  <testcase name="launchBrowser" time="5.241" classname="com.testing.Regression.PageLaunch"/>
  <testcase name="verifyPageTitle" time="0.018" classname="com.testing.Regression.PageLaunch"/>
</testsuite> <!-- Default test -->
