<?xml version="1.0" encoding="UTF-8"?>
<testng-results skipped="0" failed="1" ignored="0" total="5" passed="4">
  <reporter-output>
  </reporter-output>
  <suite name="Default suite" duration-ms="9939" started-at="2018-06-10T02:02:20Z" finished-at="2018-06-10T02:02:30Z">
    <groups>
    </groups>
    <test name="Default test" duration-ms="9939" started-at="2018-06-10T02:02:20Z" finished-at="2018-06-10T02:02:30Z">
      <class name="com.testing.Regression.PageLaunch">
        <test-method status="PASS" signature="initBrowser()[pri:0, instance:com.testing.Regression.PageLaunch@47c62251]" name="initBrowser" is-config="true" duration-ms="4016" started-at="2018-06-10T02:02:20Z" finished-at="2018-06-10T02:02:24Z">
          <reporter-output>
          </reporter-output>
        </test-method> <!-- initBrowser -->
        <test-method status="FAIL" signature="SearchFunction()[pri:0, instance:com.testing.Regression.PageLaunch@47c62251]" name="SearchFunction" duration-ms="8" started-at="2018-06-10T02:02:24Z" finished-at="2018-06-10T02:02:24Z">
          <exception class="java.lang.NullPointerException">
            <full-stacktrace>
              <![CDATA[java.lang.NullPointerException
at com.testing.Regression.PageLaunch.SearchFunction(PageLaunch.java:74)
at sun.reflect.NativeMethodAccessorImpl.invoke0(Native Method)
at sun.reflect.NativeMethodAccessorImpl.invoke(Unknown Source)
at sun.reflect.DelegatingMethodAccessorImpl.invoke(Unknown Source)
at java.lang.reflect.Method.invoke(Unknown Source)
at org.testng.internal.MethodInvocationHelper.invokeMethod(MethodInvocationHelper.java:124)
at org.testng.internal.Invoker.invokeMethod(Invoker.java:583)
at org.testng.internal.Invoker.invokeTestMethod(Invoker.java:719)
at org.testng.internal.Invoker.invokeTestMethods(Invoker.java:989)
at org.testng.internal.TestMethodWorker.invokeTestMethods(TestMethodWorker.java:125)
at org.testng.internal.TestMethodWorker.run(TestMethodWorker.java:109)
at org.testng.TestRunner.privateRun(TestRunner.java:648)
at org.testng.TestRunner.run(TestRunner.java:505)
at org.testng.SuiteRunner.runTest(SuiteRunner.java:455)
at org.testng.SuiteRunner.runSequentially(SuiteRunner.java:450)
at org.testng.SuiteRunner.privateRun(SuiteRunner.java:415)
at org.testng.SuiteRunner.run(SuiteRunner.java:364)
at org.testng.SuiteRunnerWorker.runSuite(SuiteRunnerWorker.java:52)
at org.testng.SuiteRunnerWorker.run(SuiteRunnerWorker.java:84)
at org.testng.TestNG.runSuitesSequentially(TestNG.java:1208)
at org.testng.TestNG.runSuitesLocally(TestNG.java:1137)
at org.testng.TestNG.runSuites(TestNG.java:1049)
at org.testng.TestNG.run(TestNG.java:1017)
at org.testng.remote.AbstractRemoteTestNG.run(AbstractRemoteTestNG.java:114)
at org.testng.remote.RemoteTestNG.initAndRun(RemoteTestNG.java:251)
at org.testng.remote.RemoteTestNG.main(RemoteTestNG.java:77)
]]>
            </full-stacktrace>
          </exception> <!-- java.lang.NullPointerException -->
          <reporter-output>
          </reporter-output>
        </test-method> <!-- SearchFunction -->
        <test-method status="PASS" signature="afterTestEnds()[pri:0, instance:com.testing.Regression.PageLaunch@47c62251]" name="afterTestEnds" is-config="true" duration-ms="0" started-at="2018-06-10T02:02:24Z" finished-at="2018-06-10T02:02:24Z">
          <reporter-output>
          </reporter-output>
        </test-method> <!-- afterTestEnds -->
        <test-method status="PASS" signature="getCurrentUrl()[pri:0, instance:com.testing.Regression.PageLaunch@47c62251]" name="getCurrentUrl" duration-ms="38" started-at="2018-06-10T02:02:24Z" finished-at="2018-06-10T02:02:24Z">
          <reporter-output>
          </reporter-output>
        </test-method> <!-- getCurrentUrl -->
        <test-method status="PASS" signature="afterTestEnds()[pri:0, instance:com.testing.Regression.PageLaunch@47c62251]" name="afterTestEnds" is-config="true" duration-ms="1" started-at="2018-06-10T02:02:24Z" finished-at="2018-06-10T02:02:24Z">
          <reporter-output>
          </reporter-output>
        </test-method> <!-- afterTestEnds -->
        <test-method status="PASS" signature="getTheWindowHandles()[pri:0, instance:com.testing.Regression.PageLaunch@47c62251]" name="getTheWindowHandles" duration-ms="6" started-at="2018-06-10T02:02:24Z" finished-at="2018-06-10T02:02:24Z">
          <reporter-output>
          </reporter-output>
        </test-method> <!-- getTheWindowHandles -->
        <test-method status="PASS" signature="afterTestEnds()[pri:0, instance:com.testing.Regression.PageLaunch@47c62251]" name="afterTestEnds" is-config="true" duration-ms="0" started-at="2018-06-10T02:02:24Z" finished-at="2018-06-10T02:02:24Z">
          <reporter-output>
          </reporter-output>
        </test-method> <!-- afterTestEnds -->
        <test-method status="PASS" signature="launchBrowser()[pri:0, instance:com.testing.Regression.PageLaunch@47c62251]" name="launchBrowser" duration-ms="5493" started-at="2018-06-10T02:02:24Z" finished-at="2018-06-10T02:02:30Z">
          <reporter-output>
          </reporter-output>
        </test-method> <!-- launchBrowser -->
        <test-method status="PASS" signature="afterTestEnds()[pri:0, instance:com.testing.Regression.PageLaunch@47c62251]" name="afterTestEnds" is-config="true" duration-ms="2" started-at="2018-06-10T02:02:30Z" finished-at="2018-06-10T02:02:30Z">
          <reporter-output>
          </reporter-output>
        </test-method> <!-- afterTestEnds -->
        <test-method status="PASS" signature="verifyPageTitle()[pri:0, instance:com.testing.Regression.PageLaunch@47c62251]" name="verifyPageTitle" duration-ms="26" started-at="2018-06-10T02:02:30Z" finished-at="2018-06-10T02:02:30Z">
          <reporter-output>
          </reporter-output>
        </test-method> <!-- verifyPageTitle -->
        <test-method status="PASS" signature="closeBrowser()[pri:0, instance:com.testing.Regression.PageLaunch@47c62251]" name="closeBrowser" is-config="true" duration-ms="306" started-at="2018-06-10T02:02:30Z" finished-at="2018-06-10T02:02:30Z">
          <reporter-output>
          </reporter-output>
        </test-method> <!-- closeBrowser -->
        <test-method status="PASS" signature="afterTestEnds()[pri:0, instance:com.testing.Regression.PageLaunch@47c62251]" name="afterTestEnds" is-config="true" duration-ms="0" started-at="2018-06-10T02:02:30Z" finished-at="2018-06-10T02:02:30Z">
          <reporter-output>
          </reporter-output>
        </test-method> <!-- afterTestEnds -->
      </class> <!-- com.testing.Regression.PageLaunch -->
    </test> <!-- Default test -->
  </suite> <!-- Default suite -->
</testng-results>
